Arguments: 
  /usr/bin/node /usr/share/yarn/bin/yarn.js d chartkick chart.js

PATH: 
  /home/yuva/.rvm/gems/ruby-2.2.1/bin:/home/yuva/.rvm/gems/ruby-2.2.1@global/bin:/home/yuva/.rvm/rubies/ruby-2.2.1/bin:/home/yuva/bin:/home/yuva/.local/bin:/home/yuva/bin:/home/yuva/.local/bin:/usr/local/sbin:/usr/local/bin:/usr/sbin:/usr/bin:/sbin:/bin:/usr/games:/usr/local/games:/snap/bin:/home/yuva/.rvm/bin:/home/yuva/.rvm/bin:/home/yuva/.rvm/bin

Yarn version: 
  1.5.1

Node version: 
  8.11.1

Platform: 
  linux x64

npm manifest: 
  {
    "dependencies": {
      "chart.js": "^2.7.2",
      "chartkick": "^3.0.1"
    }
  }

yarn manifest: 
  No manifest

Lockfile: 
  # THIS IS AN AUTOGENERATED FILE. DO NOT EDIT THIS FILE DIRECTLY.
  # yarn lockfile v1
  
  
  chart.js@^2.7.2:
    version "2.7.2"
    resolved "https://registry.yarnpkg.com/chart.js/-/chart.js-2.7.2.tgz#3c9fde4dc5b95608211bdefeda7e5d33dffa5714"
    dependencies:
      chartjs-color "^2.1.0"
      moment "^2.10.2"
  
  chartjs-color-string@^0.5.0:
    version "0.5.0"
    resolved "https://registry.yarnpkg.com/chartjs-color-string/-/chartjs-color-string-0.5.0.tgz#8d3752d8581d86687c35bfe2cb80ac5213ceb8c1"
    dependencies:
      color-name "^1.0.0"
  
  chartjs-color@^2.1.0:
    version "2.2.0"
    resolved "https://registry.yarnpkg.com/chartjs-color/-/chartjs-color-2.2.0.tgz#84a2fb755787ed85c39dd6dd8c7b1d88429baeae"
    dependencies:
      chartjs-color-string "^0.5.0"
      color-convert "^0.5.3"
  
  chartkick@^3.0.1:
    version "3.0.1"
    resolved "https://registry.yarnpkg.com/chartkick/-/chartkick-3.0.1.tgz#f325041bfc15f5d18074d4803549efc3751ccd81"
  
  color-convert@^0.5.3:
    version "0.5.3"
    resolved "https://registry.yarnpkg.com/color-convert/-/color-convert-0.5.3.tgz#bdb6c69ce660fadffe0b0007cc447e1b9f7282bd"
  
  color-name@^1.0.0:
    version "1.1.4"
    resolved "https://registry.yarnpkg.com/color-name/-/color-name-1.1.4.tgz#c2a09a87acbde69543de6f63fa3995c826c536a2"
  
  moment@^2.10.2:
    version "2.22.2"
    resolved "https://registry.yarnpkg.com/moment/-/moment-2.22.2.tgz#3c257f9839fc0e93ff53149632239eb90783ff66"

Trace: 
  Error: Command "d" not found.
      at new MessageError (/usr/share/yarn/lib/cli.js:186:110)
      at /usr/share/yarn/lib/cli.js:87307:17
      at Generator.next (<anonymous>)
      at step (/usr/share/yarn/lib/cli.js:98:30)
      at /usr/share/yarn/lib/cli.js:116:14
      at new Promise (<anonymous>)
      at new F (/usr/share/yarn/lib/cli.js:23451:28)
      at /usr/share/yarn/lib/cli.js:95:12
      at runCommand (/usr/share/yarn/lib/cli.js:87312:22)
      at Object.<anonymous> (/usr/share/yarn/lib/cli.js:87412:14)
